android/app/build/intermediates/manifest_merge_blame_file/release/processReleaseMainManifest/manifest-merger-blame-release-report.txt
1<?xml version="1.0" encoding="utf-8"?>
2<manifest xmlns:android="http://schemas.android.com/apk/res/android"
3    package="uk.retireonsol.app"
4    android:versionCode="11"
5    android:versionName="3.5.0" >
6
7    <uses-sdk
8        android:minSdkVersion="24"
9        android:targetSdkVersion="36" />
10
11    <!-- Permissions -->
12    <uses-permission android:name="android.permission.INTERNET" />
12-->src/main/AndroidManifest.xml:48:5-67
12-->src/main/AndroidManifest.xml:48:22-64
13    <uses-permission android:name="android.permission.POST_NOTIFICATIONS" />
13-->src/main/AndroidManifest.xml:49:5-77
13-->src/main/AndroidManifest.xml:49:22-74
14
15    <!-- Declare external apps we query/launch -->
16    <queries>
16-->src/main/AndroidManifest.xml:52:5-59:15
17        <intent>
17-->src/main/AndroidManifest.xml:53:9-56:18
18            <action android:name="android.intent.action.VIEW" />
18-->src/main/AndroidManifest.xml:28:17-69
18-->src/main/AndroidManifest.xml:28:25-66
19
20            <data android:scheme="solana-wallet" />
20-->src/main/AndroidManifest.xml:31:17-54
20-->src/main/AndroidManifest.xml:31:23-51
21        </intent>
22
23        <package android:name="app.phantom" />
23-->src/main/AndroidManifest.xml:57:9-47
23-->src/main/AndroidManifest.xml:57:18-44
24        <package android:name="com.solanamobile.wallet" />
24-->src/main/AndroidManifest.xml:58:9-59
24-->src/main/AndroidManifest.xml:58:18-56
25
26        <intent>
26-->[:capacitor-browser] AndroidManifest.xml:8:9-10:18
27            <action android:name="android.support.customtabs.action.CustomTabsService" />
27-->[:capacitor-browser] AndroidManifest.xml:9:13-90
27-->[:capacitor-browser] AndroidManifest.xml:9:21-87
28        </intent>
29    </queries>
30
31    <uses-permission android:name="android.permission.RECEIVE_BOOT_COMPLETED" />
31-->[:capacitor-local-notifications] AndroidManifest.xml:7:5-81
31-->[:capacitor-local-notifications] AndroidManifest.xml:7:22-78
32    <uses-permission android:name="android.permission.WAKE_LOCK" />
32-->[:capacitor-local-notifications] AndroidManifest.xml:8:5-68
32-->[:capacitor-local-notifications] AndroidManifest.xml:8:22-65
33    <uses-permission android:name="android.permission.USE_BIOMETRIC" /> <!-- suppress DeprecatedClassUsageInspection -->
33-->[androidx.biometric:biometric:1.1.0] AndroidManifest.xml:24:5-72
33-->[androidx.biometric:biometric:1.1.0] AndroidManifest.xml:24:22-69
34    <uses-permission android:name="android.permission.USE_FINGERPRINT" />
34-->[androidx.biometric:biometric:1.1.0] AndroidManifest.xml:27:5-74
34-->[androidx.biometric:biometric:1.1.0] AndroidManifest.xml:27:22-71
35
36    <permission
36-->[androidx.core:core:1.17.0] AndroidManifest.xml:22:5-24:47
37        android:name="uk.retireonsol.app.DYNAMIC_RECEIVER_NOT_EXPORTED_PERMISSION"
37-->[androidx.core:core:1.17.0] AndroidManifest.xml:23:9-81
38        android:protectionLevel="signature" />
38-->[androidx.core:core:1.17.0] AndroidManifest.xml:24:9-44
39
40    <uses-permission android:name="uk.retireonsol.app.DYNAMIC_RECEIVER_NOT_EXPORTED_PERMISSION" />
40-->[androidx.core:core:1.17.0] AndroidManifest.xml:26:5-97
40-->[androidx.core:core:1.17.0] AndroidManifest.xml:26:22-94
41
42    <application
42-->src/main/AndroidManifest.xml:4:5-45:19
43        android:allowBackup="true"
43-->src/main/AndroidManifest.xml:5:9-35
44        android:appComponentFactory="androidx.core.app.CoreComponentFactory"
44-->[androidx.core:core:1.17.0] AndroidManifest.xml:28:18-86
45        android:extractNativeLibs="false"
46        android:icon="@mipmap/ic_launcher"
46-->src/main/AndroidManifest.xml:6:9-43
47        android:label="@string/app_name"
47-->src/main/AndroidManifest.xml:7:9-41
48        android:roundIcon="@mipmap/ic_launcher_round"
48-->src/main/AndroidManifest.xml:8:9-54
49        android:supportsRtl="true"
49-->src/main/AndroidManifest.xml:9:9-35
50        android:theme="@style/AppTheme"
50-->src/main/AndroidManifest.xml:11:9-40
51        android:usesCleartextTraffic="true" >
51-->src/main/AndroidManifest.xml:10:9-44
52        <activity
52-->src/main/AndroidManifest.xml:13:9-34:20
53            android:name="uk.retireonsol.app.MainActivity"
53-->src/main/AndroidManifest.xml:15:13-41
54            android:configChanges="orientation|keyboardHidden|keyboard|screenSize|locale|smallestScreenSize|screenLayout|uiMode|navigation|density"
54-->src/main/AndroidManifest.xml:14:13-148
55            android:exported="true"
55-->src/main/AndroidManifest.xml:19:13-36
56            android:label="@string/title_activity_main"
56-->src/main/AndroidManifest.xml:16:13-56
57            android:launchMode="singleTask"
57-->src/main/AndroidManifest.xml:18:13-44
58            android:theme="@style/AppTheme.NoActionBarLaunch" >
58-->src/main/AndroidManifest.xml:17:13-62
59            <intent-filter>
59-->src/main/AndroidManifest.xml:21:13-24:29
60                <action android:name="android.intent.action.MAIN" />
60-->src/main/AndroidManifest.xml:22:17-69
60-->src/main/AndroidManifest.xml:22:25-66
61
62                <category android:name="android.intent.category.LAUNCHER" />
62-->src/main/AndroidManifest.xml:23:17-77
62-->src/main/AndroidManifest.xml:23:27-74
63            </intent-filter>
64
65            <!-- Deep link handler for Phantom wallet redirect -->
66            <intent-filter>
66-->src/main/AndroidManifest.xml:27:13-32:29
67                <action android:name="android.intent.action.VIEW" />
67-->src/main/AndroidManifest.xml:28:17-69
67-->src/main/AndroidManifest.xml:28:25-66
68
69                <category android:name="android.intent.category.DEFAULT" />
69-->src/main/AndroidManifest.xml:29:17-76
69-->src/main/AndroidManifest.xml:29:27-73
70                <category android:name="android.intent.category.BROWSABLE" />
70-->src/main/AndroidManifest.xml:30:17-78
70-->src/main/AndroidManifest.xml:30:27-75
71
72                <data android:scheme="retireonsol" />
72-->src/main/AndroidManifest.xml:31:17-54
72-->src/main/AndroidManifest.xml:31:23-51
73            </intent-filter>
74        </activity>
75
76        <provider
77            android:name="androidx.core.content.FileProvider"
77-->src/main/AndroidManifest.xml:37:13-62
78            android:authorities="uk.retireonsol.app.fileprovider"
78-->src/main/AndroidManifest.xml:38:13-64
79            android:exported="false"
79-->src/main/AndroidManifest.xml:39:13-37
80            android:grantUriPermissions="true" >
80-->src/main/AndroidManifest.xml:40:13-47
81            <meta-data
81-->src/main/AndroidManifest.xml:41:13-43:64
82                android:name="android.support.FILE_PROVIDER_PATHS"
82-->src/main/AndroidManifest.xml:42:17-67
83                android:resource="@xml/file_paths" />
83-->src/main/AndroidManifest.xml:43:17-51
84        </provider>
85
86        <activity
86-->[:capacitor-browser] AndroidManifest.xml:14:9-18:75
87            android:name="com.capacitorjs.plugins.browser.BrowserControllerActivity"
87-->[:capacitor-browser] AndroidManifest.xml:15:13-85
88            android:exported="false"
88-->[:capacitor-browser] AndroidManifest.xml:16:13-37
89            android:launchMode="singleTask"
89-->[:capacitor-browser] AndroidManifest.xml:17:13-44
90            android:theme="@android:style/Theme.Translucent.NoTitleBar" />
90-->[:capacitor-browser] AndroidManifest.xml:18:13-72
91
92        <receiver android:name="com.capacitorjs.plugins.localnotifications.TimedNotificationPublisher" />
92-->[:capacitor-local-notifications] AndroidManifest.xml:12:9-106
92-->[:capacitor-local-notifications] AndroidManifest.xml:12:19-103
93        <receiver android:name="com.capacitorjs.plugins.localnotifications.NotificationDismissReceiver" />
93-->[:capacitor-local-notifications] AndroidManifest.xml:13:9-107
93-->[:capacitor-local-notifications] AndroidManifest.xml:13:19-104
94        <receiver
94-->[:capacitor-local-notifications] AndroidManifest.xml:14:9-23:20
95            android:name="com.capacitorjs.plugins.localnotifications.LocalNotificationRestoreReceiver"
95-->[:capacitor-local-notifications] AndroidManifest.xml:15:13-103
96            android:directBootAware="true"
96-->[:capacitor-local-notifications] AndroidManifest.xml:16:13-43
97            android:exported="false" >
97-->[:capacitor-local-notifications] AndroidManifest.xml:17:13-37
98            <intent-filter>
98-->[:capacitor-local-notifications] AndroidManifest.xml:18:13-22:29
99                <action android:name="android.intent.action.LOCKED_BOOT_COMPLETED" />
99-->[:capacitor-local-notifications] AndroidManifest.xml:19:17-86
99-->[:capacitor-local-notifications] AndroidManifest.xml:19:25-83
100                <action android:name="android.intent.action.BOOT_COMPLETED" />
100-->[:capacitor-local-notifications] AndroidManifest.xml:20:17-79
100-->[:capacitor-local-notifications] AndroidManifest.xml:20:25-76
101                <action android:name="android.intent.action.QUICKBOOT_POWERON" />
101-->[:capacitor-local-notifications] AndroidManifest.xml:21:17-82
101-->[:capacitor-local-notifications] AndroidManifest.xml:21:25-79
102            </intent-filter>
103        </receiver>
104
105        <activity
105-->[:capgo-capacitor-native-biometric] AndroidManifest.xml:8:9-11:59
106            android:name="ee.forgr.biometric.AuthActivity"
106-->[:capgo-capacitor-native-biometric] AndroidManifest.xml:9:13-59
107            android:label="@string/title_activity_auth_activity"
107-->[:capgo-capacitor-native-biometric] AndroidManifest.xml:10:13-65
108            android:theme="@style/AppTheme.Transparent" />
108-->[:capgo-capacitor-native-biometric] AndroidManifest.xml:11:13-56
109
110        <provider
110-->[androidx.emoji2:emoji2:1.3.0] AndroidManifest.xml:24:9-32:20
111            android:name="androidx.startup.InitializationProvider"
111-->[androidx.emoji2:emoji2:1.3.0] AndroidManifest.xml:25:13-67
112            android:authorities="uk.retireonsol.app.androidx-startup"
112-->[androidx.emoji2:emoji2:1.3.0] AndroidManifest.xml:26:13-68
113            android:exported="false" >
113-->[androidx.emoji2:emoji2:1.3.0] AndroidManifest.xml:27:13-37
114            <meta-data
114-->[androidx.emoji2:emoji2:1.3.0] AndroidManifest.xml:29:13-31:52
115                android:name="androidx.emoji2.text.EmojiCompatInitializer"
115-->[androidx.emoji2:emoji2:1.3.0] AndroidManifest.xml:30:17-75
116                android:value="androidx.startup" />
116-->[androidx.emoji2:emoji2:1.3.0] AndroidManifest.xml:31:17-49
117            <meta-data
117-->[androidx.lifecycle:lifecycle-process:2.6.2] AndroidManifest.xml:29:13-31:52
118                android:name="androidx.lifecycle.ProcessLifecycleInitializer"
118-->[androidx.lifecycle:lifecycle-process:2.6.2] AndroidManifest.xml:30:17-78
119                android:value="androidx.startup" />
119-->[androidx.lifecycle:lifecycle-process:2.6.2] AndroidManifest.xml:31:17-49
120            <meta-data
120-->[androidx.profileinstaller:profileinstaller:1.4.0] AndroidManifest.xml:29:13-31:52
121                android:name="androidx.profileinstaller.ProfileInstallerInitializer"
121-->[androidx.profileinstaller:profileinstaller:1.4.0] AndroidManifest.xml:30:17-85
122                android:value="androidx.startup" />
122-->[androidx.profileinstaller:profileinstaller:1.4.0] AndroidManifest.xml:31:17-49
123        </provider>
124
125        <uses-library
125-->[androidx.window:window:1.0.0] AndroidManifest.xml:25:9-27:40
126            android:name="androidx.window.extensions"
126-->[androidx.window:window:1.0.0] AndroidManifest.xml:26:13-54
127            android:required="false" />
127-->[androidx.window:window:1.0.0] AndroidManifest.xml:27:13-37
128        <uses-library
128-->[androidx.window:window:1.0.0] AndroidManifest.xml:28:9-30:40
129            android:name="androidx.window.sidecar"
129-->[androidx.window:window:1.0.0] AndroidManifest.xml:29:13-51
130            android:required="false" />
130-->[androidx.window:window:1.0.0] AndroidManifest.xml:30:13-37
131
132        <receiver
132-->[androidx.profileinstaller:profileinstaller:1.4.0] AndroidManifest.xml:34:9-52:20
133            android:name="androidx.profileinstaller.ProfileInstallReceiver"
133-->[androidx.profileinstaller:profileinstaller:1.4.0] AndroidManifest.xml:35:13-76
134            android:directBootAware="false"
134-->[androidx.profileinstaller:profileinstaller:1.4.0] AndroidManifest.xml:36:13-44
135            android:enabled="true"
135-->[androidx.profileinstaller:profileinstaller:1.4.0] AndroidManifest.xml:37:13-35
136            android:exported="true"
136-->[androidx.profileinstaller:profileinstaller:1.4.0] AndroidManifest.xml:38:13-36
137            android:permission="android.permission.DUMP" >
137-->[androidx.profileinstaller:profileinstaller:1.4.0] AndroidManifest.xml:39:13-57
138            <intent-filter>
138-->[androidx.profileinstaller:profileinstaller:1.4.0] AndroidManifest.xml:40:13-42:29
139                <action android:name="androidx.profileinstaller.action.INSTALL_PROFILE" />
139-->[androidx.profileinstaller:profileinstaller:1.4.0] AndroidManifest.xml:41:17-91
139-->[androidx.profileinstaller:profileinstaller:1.4.0] AndroidManifest.xml:41:25-88
140            </intent-filter>
141            <intent-filter>
141-->[androidx.profileinstaller:profileinstaller:1.4.0] AndroidManifest.xml:43:13-45:29
142                <action android:name="androidx.profileinstaller.action.SKIP_FILE" />
142-->[androidx.profileinstaller:profileinstaller:1.4.0] AndroidManifest.xml:44:17-85
142-->[androidx.profileinstaller:profileinstaller:1.4.0] AndroidManifest.xml:44:25-82
143            </intent-filter>
144            <intent-filter>
144-->[androidx.profileinstaller:profileinstaller:1.4.0] AndroidManifest.xml:46:13-48:29
145                <action android:name="androidx.profileinstaller.action.SAVE_PROFILE" />
145-->[androidx.profileinstaller:profileinstaller:1.4.0] AndroidManifest.xml:47:17-88
145-->[androidx.profileinstaller:profileinstaller:1.4.0] AndroidManifest.xml:47:25-85
146            </intent-filter>
147            <intent-filter>
147-->[androidx.profileinstaller:profileinstaller:1.4.0] AndroidManifest.xml:49:13-51:29
148                <action android:name="androidx.profileinstaller.action.BENCHMARK_OPERATION" />
148-->[androidx.profileinstaller:profileinstaller:1.4.0] AndroidManifest.xml:50:17-95
148-->[androidx.profileinstaller:profileinstaller:1.4.0] AndroidManifest.xml:50:25-92
149            </intent-filter>
150        </receiver>
151    </application>
152
153</manifest>